{"D:\\Bastos\\Documents\\Perso\\Ecole\\2025-2026\\Q2\\Dev 3\\projet dev3\\server\\src\\services\\order.service.ts": {"path":"D:\\Bastos\\Documents\\Perso\\Ecole\\2025-2026\\Q2\\Dev 3\\projet dev3\\server\\src\\services\\order.service.ts","statementMap":{"0":{"start":{"line":1,"column":0},"end":{"line":1,"column":46}},"1":{"start":{"line":3,"column":25},"end":{"line":30,"column":1}},"2":{"start":{"line":4,"column":14},"end":{"line":20,"column":6}},"3":{"start":{"line":22,"column":2},"end":{"line":24,"column":3}},"4":{"start":{"line":23,"column":4},"end":{"line":23,"column":39}},"5":{"start":{"line":26,"column":26},"end":{"line":26,"column":79}},"6":{"start":{"line":28,"column":2},"end":{"line":28,"column":25}},"7":{"start":{"line":28,"column":13},"end":{"line":28,"column":25}},"8":{"start":{"line":29,"column":2},"end":{"line":29,"column":14}},"9":{"start":{"line":3,"column":13},"end":{"line":3,"column":25}},"10":{"start":{"line":32,"column":28},"end":{"line":55,"column":1}},"11":{"start":{"line":33,"column":26},"end":{"line":50,"column":13}},"12":{"start":{"line":52,"column":2},"end":{"line":52,"column":25}},"13":{"start":{"line":52,"column":13},"end":{"line":52,"column":25}},"14":{"start":{"line":54,"column":2},"end":{"line":54,"column":14}},"15":{"start":{"line":32,"column":13},"end":{"line":32,"column":28}},"16":{"start":{"line":57,"column":27},"end":{"line":139,"column":1}},"17":{"start":{"line":62,"column":6},"end":{"line":62,"column":11}},"18":{"start":{"line":64,"column":2},"end":{"line":69,"column":3}},"19":{"start":{"line":68,"column":4},"end":{"line":68,"column":54}},"20":{"start":{"line":71,"column":2},"end":{"line":73,"column":3}},"21":{"start":{"line":72,"column":4},"end":{"line":72,"column":42}},"22":{"start":{"line":75,"column":14},"end":{"line":75,"column":15}},"23":{"start":{"line":77,"column":28},"end":{"line":77,"column":30}},"24":{"start":{"line":79,"column":2},"end":{"line":98,"column":3}},"25":{"start":{"line":80,"column":37},"end":{"line":84,"column":15}},"26":{"start":{"line":86,"column":4},"end":{"line":88,"column":5}},"27":{"start":{"line":87,"column":6},"end":{"line":87,"column":65}},"28":{"start":{"line":90,"column":22},"end":{"line":90,"column":51}},"29":{"start":{"line":91,"column":4},"end":{"line":91,"column":23}},"30":{"start":{"line":93,"column":4},"end":{"line":97,"column":7}},"31":{"start":{"line":101,"column":12},"end":{"line":101,"column":24}},"32":{"start":{"line":102,"column":21},"end":{"line":102,"column":32}},"33":{"start":{"line":105,"column":46},"end":{"line":117,"column":11}},"34":{"start":{"line":119,"column":2},"end":{"line":121,"column":3}},"35":{"start":{"line":120,"column":4},"end":{"line":120,"column":71}},"36":{"start":{"line":124,"column":24},"end":{"line":127,"column":5}},"37":{"start":{"line":124,"column":48},"end":{"line":127,"column":4}},"38":{"start":{"line":130,"column":32},"end":{"line":132,"column":26}},"39":{"start":{"line":134,"column":2},"end":{"line":136,"column":3}},"40":{"start":{"line":135,"column":4},"end":{"line":135,"column":40}},"41":{"start":{"line":138,"column":2},"end":{"line":138,"column":18}},"42":{"start":{"line":57,"column":13},"end":{"line":57,"column":27}},"43":{"start":{"line":141,"column":33},"end":{"line":158,"column":1}},"44":{"start":{"line":142,"column":24},"end":{"line":142,"column":67}},"45":{"start":{"line":144,"column":2},"end":{"line":146,"column":3}},"46":{"start":{"line":145,"column":4},"end":{"line":145,"column":39}},"47":{"start":{"line":148,"column":26},"end":{"line":153,"column":13}},"48":{"start":{"line":155,"column":2},"end":{"line":155,"column":25}},"49":{"start":{"line":155,"column":13},"end":{"line":155,"column":25}},"50":{"start":{"line":157,"column":2},"end":{"line":157,"column":14}},"51":{"start":{"line":141,"column":13},"end":{"line":141,"column":33}},"52":{"start":{"line":160,"column":27},"end":{"line":169,"column":1}},"53":{"start":{"line":161,"column":20},"end":{"line":164,"column":17}},"54":{"start":{"line":166,"column":2},"end":{"line":166,"column":25}},"55":{"start":{"line":166,"column":13},"end":{"line":166,"column":25}},"56":{"start":{"line":168,"column":2},"end":{"line":168,"column":43}},"57":{"start":{"line":160,"column":13},"end":{"line":160,"column":27}}},"fnMap":{"0":{"name":"(anonymous_0)","decl":{"start":{"line":3,"column":25},"end":{"line":3,"column":30}},"loc":{"start":{"line":3,"column":51},"end":{"line":30,"column":1}}},"1":{"name":"(anonymous_1)","decl":{"start":{"line":32,"column":28},"end":{"line":32,"column":33}},"loc":{"start":{"line":32,"column":49},"end":{"line":55,"column":1}}},"2":{"name":"(anonymous_2)","decl":{"start":{"line":57,"column":27},"end":{"line":57,"column":32}},"loc":{"start":{"line":57,"column":64},"end":{"line":139,"column":1}}},"3":{"name":"(anonymous_3)","decl":{"start":{"line":124,"column":39},"end":{"line":124,"column":43}},"loc":{"start":{"line":124,"column":48},"end":{"line":127,"column":4}}},"4":{"name":"(anonymous_4)","decl":{"start":{"line":141,"column":33},"end":{"line":141,"column":38}},"loc":{"start":{"line":141,"column":70},"end":{"line":158,"column":1}}},"5":{"name":"(anonymous_5)","decl":{"start":{"line":160,"column":27},"end":{"line":160,"column":32}},"loc":{"start":{"line":160,"column":48},"end":{"line":169,"column":1}}}},"branchMap":{"0":{"loc":{"start":{"line":22,"column":2},"end":{"line":24,"column":3}},"type":"if","locations":[{"start":{"line":22,"column":2},"end":{"line":24,"column":3}},{"start":{},"end":{}}]},"1":{"loc":{"start":{"line":28,"column":2},"end":{"line":28,"column":25}},"type":"if","locations":[{"start":{"line":28,"column":2},"end":{"line":28,"column":25}},{"start":{},"end":{}}]},"2":{"loc":{"start":{"line":52,"column":2},"end":{"line":52,"column":25}},"type":"if","locations":[{"start":{"line":52,"column":2},"end":{"line":52,"column":25}},{"start":{},"end":{}}]},"3":{"loc":{"start":{"line":64,"column":2},"end":{"line":69,"column":3}},"type":"if","locations":[{"start":{"line":64,"column":2},"end":{"line":69,"column":3}},{"start":{},"end":{}}]},"4":{"loc":{"start":{"line":65,"column":4},"end":{"line":66,"column":18}},"type":"binary-expr","locations":[{"start":{"line":65,"column":4},"end":{"line":65,"column":12}},{"start":{"line":66,"column":4},"end":{"line":66,"column":18}}]},"5":{"loc":{"start":{"line":71,"column":2},"end":{"line":73,"column":3}},"type":"if","locations":[{"start":{"line":71,"column":2},"end":{"line":73,"column":3}},{"start":{},"end":{}}]},"6":{"loc":{"start":{"line":71,"column":6},"end":{"line":71,"column":34}},"type":"binary-expr","locations":[{"start":{"line":71,"column":6},"end":{"line":71,"column":12}},{"start":{"line":71,"column":16},"end":{"line":71,"column":34}}]},"7":{"loc":{"start":{"line":86,"column":4},"end":{"line":88,"column":5}},"type":"if","locations":[{"start":{"line":86,"column":4},"end":{"line":88,"column":5}},{"start":{},"end":{}}]},"8":{"loc":{"start":{"line":86,"column":8},"end":{"line":86,"column":25}},"type":"binary-expr","locations":[{"start":{"line":86,"column":8},"end":{"line":86,"column":13}},{"start":{"line":86,"column":17},"end":{"line":86,"column":25}}]},"9":{"loc":{"start":{"line":119,"column":2},"end":{"line":121,"column":3}},"type":"if","locations":[{"start":{"line":119,"column":2},"end":{"line":121,"column":3}},{"start":{},"end":{}}]},"10":{"loc":{"start":{"line":119,"column":6},"end":{"line":119,"column":29}},"type":"binary-expr","locations":[{"start":{"line":119,"column":6},"end":{"line":119,"column":16}},{"start":{"line":119,"column":20},"end":{"line":119,"column":29}}]},"11":{"loc":{"start":{"line":120,"column":20},"end":{"line":120,"column":69}},"type":"binary-expr","locations":[{"start":{"line":120,"column":20},"end":{"line":120,"column":39}},{"start":{"line":120,"column":43},"end":{"line":120,"column":69}}]},"12":{"loc":{"start":{"line":134,"column":2},"end":{"line":136,"column":3}},"type":"if","locations":[{"start":{"line":134,"column":2},"end":{"line":136,"column":3}},{"start":{},"end":{}}]},"13":{"loc":{"start":{"line":144,"column":2},"end":{"line":146,"column":3}},"type":"if","locations":[{"start":{"line":144,"column":2},"end":{"line":146,"column":3}},{"start":{},"end":{}}]},"14":{"loc":{"start":{"line":155,"column":2},"end":{"line":155,"column":25}},"type":"if","locations":[{"start":{"line":155,"column":2},"end":{"line":155,"column":25}},{"start":{},"end":{}}]},"15":{"loc":{"start":{"line":166,"column":2},"end":{"line":166,"column":25}},"type":"if","locations":[{"start":{"line":166,"column":2},"end":{"line":166,"column":25}},{"start":{},"end":{}}]}},"s":{"0":1,"1":1,"2":1,"3":1,"4":1,"5":1,"6":1,"7":0,"8":1,"9":1,"10":1,"11":2,"12":2,"13":1,"14":1,"15":1,"16":1,"17":3,"18":3,"19":1,"20":2,"21":1,"22":1,"23":1,"24":1,"25":1,"26":1,"27":0,"28":1,"29":1,"30":1,"31":1,"32":1,"33":1,"34":1,"35":0,"36":1,"37":1,"38":1,"39":1,"40":0,"41":1,"42":1,"43":1,"44":2,"45":2,"46":1,"47":1,"48":1,"49":0,"50":1,"51":1,"52":1,"53":2,"54":2,"55":1,"56":1,"57":1},"f":{"0":1,"1":2,"2":3,"3":1,"4":2,"5":2},"b":{"0":[1,0],"1":[0,1],"2":[1,1],"3":[1,2],"4":[3,2],"5":[1,1],"6":[2,2],"7":[0,1],"8":[1,1],"9":[0,1],"10":[1,1],"11":[0,0],"12":[0,1],"13":[1,1],"14":[0,1],"15":[1,1]}}
}
