TN:
SF:src\services\order.service.ts
FN:3,(anonymous_0)
FN:32,(anonymous_1)
FN:57,(anonymous_2)
FN:124,(anonymous_3)
FN:141,(anonymous_4)
FN:160,(anonymous_5)
FNF:6
FNH:6
FNDA:1,(anonymous_0)
FNDA:2,(anonymous_1)
FNDA:3,(anonymous_2)
FNDA:1,(anonymous_3)
FNDA:2,(anonymous_4)
FNDA:2,(anonymous_5)
DA:1,1
DA:3,1
DA:4,1
DA:22,1
DA:23,1
DA:26,1
DA:28,1
DA:29,1
DA:32,1
DA:33,2
DA:52,2
DA:54,1
DA:57,1
DA:62,3
DA:64,3
DA:68,1
DA:71,2
DA:72,1
DA:75,1
DA:77,1
DA:79,1
DA:80,1
DA:86,1
DA:87,0
DA:90,1
DA:91,1
DA:93,1
DA:101,1
DA:102,1
DA:105,1
DA:119,1
DA:120,0
DA:124,1
DA:130,1
DA:134,1
DA:135,0
DA:138,1
DA:141,1
DA:142,2
DA:144,2
DA:145,1
DA:148,1
DA:155,1
DA:157,1
DA:160,1
DA:161,2
DA:166,2
DA:168,1
LF:48
LH:45
BRDA:22,0,0,1
BRDA:22,0,1,0
BRDA:28,1,0,0
BRDA:28,1,1,1
BRDA:52,2,0,1
BRDA:52,2,1,1
BRDA:64,3,0,1
BRDA:64,3,1,2
BRDA:65,4,0,3
BRDA:65,4,1,2
BRDA:71,5,0,1
BRDA:71,5,1,1
BRDA:71,6,0,2
BRDA:71,6,1,2
BRDA:86,7,0,0
BRDA:86,7,1,1
BRDA:86,8,0,1
BRDA:86,8,1,1
BRDA:119,9,0,0
BRDA:119,9,1,1
BRDA:119,10,0,1
BRDA:119,10,1,1
BRDA:120,11,0,0
BRDA:120,11,1,0
BRDA:134,12,0,0
BRDA:134,12,1,1
BRDA:144,13,0,1
BRDA:144,13,1,1
BRDA:155,14,0,0
BRDA:155,14,1,1
BRDA:166,15,0,1
BRDA:166,15,1,1
BRF:32
BRH:24
end_of_record
